2025-05-29 16:40:57,491 [INFO] Activator:176 - 


2025-05-29 16:40:57,495 [INFO] Activator:177 - !SESSION log4j initialized
2025-05-29 16:41:01,517 [INFO] LogOutputStream:77 - [STDOUT_REDIRECT] 
2025-05-29 16:41:05,288 [INFO] ApplicationProperties:184 - Using Application install path: D:\ST\STM32CubeIDE_1.6.1\STM32CubeIDE\plugins\com.st.stm32cube.common.mx_6.11.1.202404110753
2025-05-29 16:41:05,330 [INFO] DbMcusXml:78 - Set database path to: D:\ST\STM32CubeIDE_1.6.1\STM32CubeIDE\plugins\com.st.stm32cube.common.mx_6.11.1.202404110753\\db\/mcu/
2025-05-29 16:41:05,330 [INFO] ApiDb:274 - Set plugin database path to: D:\ST\STM32CubeIDE_1.6.1\STM32CubeIDE\plugins\com.st.stm32cube.common.mx_6.11.1.202404110753\\db\/plugins/boardmanager/
2025-05-29 16:41:05,331 [WARN] ApiDb:259 - Overriding images path with different value:  => D:\ST\STM32CubeIDE_1.6.1\STM32CubeIDE\plugins\com.st.stm32cube.common.mx_6.11.1.202404110753\\db\/plugins/mcufinder/images/
2025-05-29 16:41:05,338 [INFO] ApiDb:250 - Set database path to: C:\Users\Acer\.stmcufinder\plugins\mcufinder//mcu/
2025-05-29 16:41:05,343 [INFO] DbMcusAds:125 - Set database path to: C:\Users\Acer\.stmcufinder\plugins\mcufinder//mcu/
2025-05-29 16:41:05,346 [INFO] CrossReferenceDbSqlite:203 - Set database path to: C:\Users\Acer\.stmcufinder\plugins\mcufinder//mcu/cs/
2025-05-29 16:41:05,588 [INFO] RulesReader:64 - Compatibility file has been processed (297 Rules)
2025-05-29 16:41:05,814 [INFO] DbMcusXml:78 - Set database path to: D:\ST\STM32CubeIDE_1.6.1\STM32CubeIDE\plugins\com.st.stm32cube.common.mx_6.11.1.202404110753\\db\/mcu/
2025-05-29 16:41:05,815 [INFO] ApiDb:274 - Set plugin database path to: D:\ST\STM32CubeIDE_1.6.1\STM32CubeIDE\plugins\com.st.stm32cube.common.mx_6.11.1.202404110753\\db\/plugins/boardmanager/
2025-05-29 16:41:05,815 [INFO] ApiDb:261 - Set plugin images path to: D:\ST\STM32CubeIDE_1.6.1\STM32CubeIDE\plugins\com.st.stm32cube.common.mx_6.11.1.202404110753\\db\/plugins/mcufinder/images/
2025-05-29 16:41:05,817 [WARN] DbFile:41 - Overriding database path with different value: C:\Users\Acer\.stmcufinder\plugins\mcufinder/ => C:\Users\Acer\.stmcufinder\plugins\mcufinder
2025-05-29 16:41:05,817 [INFO] ApiDb:250 - Set database path to: C:\Users\Acer\.stmcufinder\plugins\mcufinder//mcu/
2025-05-29 16:41:05,817 [WARN] DbFile:41 - Overriding database path with different value: C:\Users\Acer\.stmcufinder\plugins\mcufinder/ => C:\Users\Acer\.stmcufinder\plugins\mcufinder
2025-05-29 16:41:05,817 [INFO] DbMcusAds:125 - Set database path to: C:\Users\Acer\.stmcufinder\plugins\mcufinder//mcu/
2025-05-29 16:41:05,818 [WARN] DbFile:41 - Overriding database path with different value: C:\Users\Acer\.stmcufinder\plugins\mcufinder/ => C:\Users\Acer\.stmcufinder\plugins\mcufinder
2025-05-29 16:41:05,818 [WARN] DbFile:41 - Overriding database path with different value: C:\Users\Acer\.stmcufinder\plugins\mcufinder/ => C:\Users\Acer\.stmcufinder\plugins\mcufinder
2025-05-29 16:41:05,818 [INFO] CrossReferenceDbSqlite:203 - Set database path to: C:\Users\Acer\.stmcufinder\plugins\mcufinder//mcu/cs/
2025-05-29 16:41:05,998 [INFO] MainPanel:264 - HeapMemory: 268435456
2025-05-29 16:41:06,113 [INFO] DbMcusXml:78 - Set database path to: D:\ST\STM32CubeIDE_1.6.1\STM32CubeIDE\plugins\com.st.stm32cube.common.mx_6.11.1.202404110753\\db\/mcu/
2025-05-29 16:41:06,113 [INFO] ApiDb:274 - Set plugin database path to: D:\ST\STM32CubeIDE_1.6.1\STM32CubeIDE\plugins\com.st.stm32cube.common.mx_6.11.1.202404110753\\db\/plugins/boardmanager/
2025-05-29 16:41:06,113 [INFO] ApiDb:261 - Set plugin images path to: D:\ST\STM32CubeIDE_1.6.1\STM32CubeIDE\plugins\com.st.stm32cube.common.mx_6.11.1.202404110753\\db\/plugins/mcufinder/images/
2025-05-29 16:41:06,114 [WARN] DbFile:41 - Overriding database path with different value: C:\Users\Acer\.stmcufinder\plugins\mcufinder/ => C:\Users\Acer\.stmcufinder\plugins\mcufinder
2025-05-29 16:41:06,114 [INFO] ApiDb:250 - Set database path to: C:\Users\Acer\.stmcufinder\plugins\mcufinder//mcu/
2025-05-29 16:41:06,114 [WARN] DbFile:41 - Overriding database path with different value: C:\Users\Acer\.stmcufinder\plugins\mcufinder/ => C:\Users\Acer\.stmcufinder\plugins\mcufinder
2025-05-29 16:41:06,114 [INFO] DbMcusAds:125 - Set database path to: C:\Users\Acer\.stmcufinder\plugins\mcufinder//mcu/
2025-05-29 16:41:06,114 [WARN] DbFile:41 - Overriding database path with different value: C:\Users\Acer\.stmcufinder\plugins\mcufinder/ => C:\Users\Acer\.stmcufinder\plugins\mcufinder
2025-05-29 16:41:06,115 [WARN] DbFile:41 - Overriding database path with different value: C:\Users\Acer\.stmcufinder\plugins\mcufinder/ => C:\Users\Acer\.stmcufinder\plugins\mcufinder
2025-05-29 16:41:06,115 [INFO] CrossReferenceDbSqlite:203 - Set database path to: C:\Users\Acer\.stmcufinder\plugins\mcufinder//mcu/cs/
2025-05-29 16:41:06,143 [INFO] ApplicationProperties:184 - Using Application install path: D:\ST\STM32CubeIDE_1.6.1\STM32CubeIDE\plugins\com.st.stm32cube.common.mx_6.11.1.202404110753
2025-05-29 16:41:06,145 [INFO] PluginManage:196 - Search for loadable plugins [exclusion list=, ]
2025-05-29 16:41:06,146 [INFO] PluginManage:310 - Check plugin analytics
2025-05-29 16:41:06,475 [INFO] AnalyticsPlugin:253 - Accepted Software Licenses: 
2025-05-29 16:41:06,475 [INFO] AnalyticsPlugin:255 - Accepted CMSIS Pack Licenses: 
2025-05-29 16:41:06,475 [INFO] AnalyticsPlugin:257 - Accepted Firmware Licenses: FW.F4.1.28.0
2025-05-29 16:41:06,478 [INFO] PluginManage:359 - Loaded plugin analytics (category:tool,tabindex:-1)
2025-05-29 16:41:06,479 [INFO] PluginManage:310 - Check plugin cadmodel
2025-05-29 16:41:06,484 [INFO] CADModel:105 - Init CAD model plugin
2025-05-29 16:41:06,484 [INFO] PluginManage:359 - Loaded plugin cadmodel (category:power,tabindex:5)
2025-05-29 16:41:06,484 [INFO] PluginManage:310 - Check plugin clock
2025-05-29 16:41:06,496 [INFO] PluginManage:359 - Loaded plugin clock (category:base,tabindex:2)
2025-05-29 16:41:06,496 [INFO] PluginManage:310 - Check plugin ddr
2025-05-29 16:41:06,499 [INFO] PluginManage:359 - Loaded plugin ddr (category:tool,tabindex:6)
2025-05-29 16:41:06,499 [INFO] PluginManage:310 - Check plugin filemanager
2025-05-29 16:41:06,757 [INFO] PluginManage:359 - Loaded plugin filemanager (category:base,tabindex:10)
2025-05-29 16:41:06,757 [INFO] PluginManage:310 - Check plugin ipmanager
2025-05-29 16:41:06,768 [INFO] PluginManage:359 - Loaded plugin ipmanager (category:base,tabindex:5)
2025-05-29 16:41:06,768 [INFO] PluginManage:310 - Check plugin lpbam
2025-05-29 16:41:06,784 [INFO] PluginManage:359 - Loaded plugin lpbam (category:base,tabindex:0)
2025-05-29 16:41:06,784 [INFO] PluginManage:310 - Check plugin memorymap
2025-05-29 16:41:06,807 [INFO] PluginManage:359 - Loaded plugin memorymap (category:base,tabindex:4)
2025-05-29 16:41:06,808 [INFO] PluginManage:310 - Check plugin pinoutandconfiguration
2025-05-29 16:41:06,816 [INFO] PluginManage:359 - Loaded plugin pinoutandconfiguration (category:base,tabindex:1)
2025-05-29 16:41:06,816 [INFO] PluginManage:310 - Check plugin pinoutconfig
2025-05-29 16:41:06,982 [WARN] SupportedApi:132 - Cannot load RTOS API schema: s4s-elt-must-match.1: The content of 'definitions' must match (annotation?, (simpleType | complexType)?, (unique | key | keyref)*)). A problem was found starting at: attribute.
2025-05-29 16:41:07,267 [INFO] PluginManage:359 - Loaded plugin pinoutconfig (category:base,tabindex:0)
2025-05-29 16:41:07,267 [INFO] PluginManage:310 - Check plugin power
2025-05-29 16:41:07,284 [INFO] PluginManage:359 - Loaded plugin power (category:power,tabindex:4)
2025-05-29 16:41:07,284 [INFO] PluginManage:310 - Check plugin projectmanager
2025-05-29 16:41:07,317 [INFO] PluginManage:359 - Loaded plugin projectmanager (category:projectmanager,tabindex:3)
2025-05-29 16:41:07,318 [INFO] PluginManage:310 - Check plugin thirdparty
2025-05-29 16:41:07,626 [INFO] PluginManage:359 - Loaded plugin thirdparty (category:base,tabindex:-1)
2025-05-29 16:41:07,625 [WARN] IntegrityCheckThread:84 - waiting for thirdparty lock release [integrity check]
2025-05-29 16:41:07,626 [INFO] PluginManage:310 - Check plugin tools
2025-05-29 16:41:07,626 [INFO] IntegrityCheckThread:86 - entering critical section [integrity check]
2025-05-29 16:41:07,627 [INFO] ThirdPartyUpdaterWithRetryManager:70 - Updater plugin not ready yet. [1/15]
2025-05-29 16:41:07,630 [INFO] PluginManage:359 - Loaded plugin tools (category:base,tabindex:7)
2025-05-29 16:41:07,630 [INFO] PluginManage:310 - Check plugin tutovideos
2025-05-29 16:41:07,966 [INFO] PluginManage:359 - Loaded plugin tutovideos (category:base,tabindex:-1)
2025-05-29 16:41:07,967 [INFO] PluginManage:310 - Check plugin updater
2025-05-29 16:41:07,984 [INFO] PluginManage:359 - Loaded plugin updater (category:base,tabindex:12)
2025-05-29 16:41:07,984 [INFO] PluginManage:310 - Check plugin userauth
2025-05-29 16:41:07,996 [INFO] UserAuth:114 - Init User Auth plugin
2025-05-29 16:41:07,996 [INFO] PluginManage:359 - Loaded plugin userauth (category:base,tabindex:14)
2025-05-29 16:41:07,997 [INFO] PluginManage:283 - PluginManage : Loaded plugins [17]
2025-05-29 16:41:08,445 [INFO] PinOutPanel:1561 - setPackage(No Configuration,No Configuration)
2025-05-29 16:41:08,570 [INFO] CADModel:165 - CPN selected for project level
2025-05-29 16:41:08,570 [INFO] CADModel:114 - Register for checkConnection events
2025-05-29 16:41:08,593 [INFO] IPUIPlugin:80 - create IPUIPlugin
2025-05-29 16:41:08,594 [INFO] PluginManager:220 - loadIPPluginJar : add adc
2025-05-29 16:41:08,597 [INFO] IPUIPlugin:80 - create IPUIPlugin
2025-05-29 16:41:08,597 [INFO] PluginManager:220 - loadIPPluginJar : add aes
2025-05-29 16:41:08,600 [INFO] IPUIPlugin:80 - create IPUIPlugin
2025-05-29 16:41:08,600 [INFO] PluginManager:220 - loadIPPluginJar : add can
2025-05-29 16:41:08,602 [INFO] IPUIPlugin:80 - create IPUIPlugin
2025-05-29 16:41:08,602 [INFO] PluginManager:220 - loadIPPluginJar : add comp
2025-05-29 16:41:08,604 [INFO] IPUIPlugin:80 - create IPUIPlugin
2025-05-29 16:41:08,605 [INFO] PluginManager:220 - loadIPPluginJar : add cryp
2025-05-29 16:41:08,608 [INFO] IPUIPlugin:80 - create IPUIPlugin
2025-05-29 16:41:08,609 [INFO] PluginManager:220 - loadIPPluginJar : add dfsdm
2025-05-29 16:41:08,620 [INFO] IPUIPlugin:80 - create IPUIPlugin
2025-05-29 16:41:08,621 [INFO] PluginManager:220 - loadIPPluginJar : add dma
2025-05-29 16:41:08,626 [INFO] IPUIPlugin:80 - create IPUIPlugin
2025-05-29 16:41:08,627 [INFO] PluginManager:220 - loadIPPluginJar : add dma3
2025-05-29 16:41:08,630 [INFO] IPUIPlugin:80 - create IPUIPlugin
2025-05-29 16:41:08,631 [INFO] PluginManager:220 - loadIPPluginJar : add extmemmanager
2025-05-29 16:41:08,633 [INFO] IPUIPlugin:80 - create IPUIPlugin
2025-05-29 16:41:08,633 [INFO] PluginManager:220 - loadIPPluginJar : add fatfs
2025-05-29 16:41:08,643 [INFO] IPUIPlugin:80 - create IPUIPlugin
2025-05-29 16:41:08,643 [INFO] PluginManager:220 - loadIPPluginJar : add fmc
2025-05-29 16:41:08,650 [INFO] IPUIPlugin:80 - create IPUIPlugin
2025-05-29 16:41:08,650 [INFO] PluginManager:220 - loadIPPluginJar : add freertos
2025-05-29 16:41:08,652 [INFO] IPUIPlugin:80 - create IPUIPlugin
2025-05-29 16:41:08,652 [INFO] PluginManager:220 - loadIPPluginJar : add genericplugin
2025-05-29 16:41:08,655 [INFO] IPUIPlugin:80 - create IPUIPlugin
2025-05-29 16:41:08,655 [INFO] PluginManager:220 - loadIPPluginJar : add gfxmmu
2025-05-29 16:41:08,664 [INFO] IPUIPlugin:80 - create IPUIPlugin
2025-05-29 16:41:08,664 [INFO] PluginManager:220 - loadIPPluginJar : add gic
2025-05-29 16:41:08,668 [INFO] IPUIPlugin:80 - create IPUIPlugin
2025-05-29 16:41:08,669 [INFO] PluginManager:220 - loadIPPluginJar : add gpio
2025-05-29 16:41:08,671 [INFO] IPUIPlugin:80 - create IPUIPlugin
2025-05-29 16:41:08,672 [INFO] PluginManager:220 - loadIPPluginJar : add gtzc
2025-05-29 16:41:08,676 [INFO] IPUIPlugin:80 - create IPUIPlugin
2025-05-29 16:41:08,676 [INFO] PluginManager:220 - loadIPPluginJar : add hash
2025-05-29 16:41:08,680 [INFO] IPUIPlugin:80 - create IPUIPlugin
2025-05-29 16:41:08,680 [INFO] PluginManager:220 - loadIPPluginJar : add i2c
2025-05-29 16:41:08,682 [INFO] IPUIPlugin:80 - create IPUIPlugin
2025-05-29 16:41:08,683 [INFO] PluginManager:220 - loadIPPluginJar : add i2s
2025-05-29 16:41:08,686 [INFO] IPUIPlugin:80 - create IPUIPlugin
2025-05-29 16:41:08,686 [INFO] PluginManager:220 - loadIPPluginJar : add i3c
2025-05-29 16:41:08,690 [INFO] IPUIPlugin:80 - create IPUIPlugin
2025-05-29 16:41:08,691 [INFO] PluginManager:220 - loadIPPluginJar : add ipddr
2025-05-29 16:41:08,699 [INFO] IPUIPlugin:80 - create IPUIPlugin
2025-05-29 16:41:08,700 [INFO] PluginManager:220 - loadIPPluginJar : add linkedlist
2025-05-29 16:41:08,703 [INFO] IPUIPlugin:80 - create IPUIPlugin
2025-05-29 16:41:08,703 [INFO] PluginManager:220 - loadIPPluginJar : add lorawan
2025-05-29 16:41:08,705 [INFO] IPUIPlugin:80 - create IPUIPlugin
2025-05-29 16:41:08,705 [INFO] PluginManager:220 - loadIPPluginJar : add ltdc
2025-05-29 16:41:08,715 [INFO] IPUIPlugin:80 - create IPUIPlugin
2025-05-29 16:41:08,715 [INFO] PluginManager:220 - loadIPPluginJar : add mdma
2025-05-29 16:41:08,719 [INFO] IPUIPlugin:80 - create IPUIPlugin
2025-05-29 16:41:08,719 [INFO] PluginManager:220 - loadIPPluginJar : add nvic
2025-05-29 16:41:08,725 [INFO] IPUIPlugin:80 - create IPUIPlugin
2025-05-29 16:41:08,725 [INFO] PluginManager:220 - loadIPPluginJar : add opamp
2025-05-29 16:41:08,730 [INFO] IPUIPlugin:80 - create IPUIPlugin
2025-05-29 16:41:08,730 [INFO] PluginManager:220 - loadIPPluginJar : add openamp
2025-05-29 16:41:08,734 [INFO] IPUIPlugin:80 - create IPUIPlugin
2025-05-29 16:41:08,734 [INFO] PluginManager:220 - loadIPPluginJar : add pdm2pcm
2025-05-29 16:41:08,745 [INFO] IPUIPlugin:80 - create IPUIPlugin
2025-05-29 16:41:08,751 [INFO] PluginManager:220 - loadIPPluginJar : add plateformsettings
2025-05-29 16:41:08,753 [INFO] IPUIPlugin:80 - create IPUIPlugin
2025-05-29 16:41:08,753 [INFO] PluginManager:220 - loadIPPluginJar : add quadspi
2025-05-29 16:41:08,758 [INFO] IPUIPlugin:80 - create IPUIPlugin
2025-05-29 16:41:08,758 [INFO] PluginManager:220 - loadIPPluginJar : add resmgrutility
2025-05-29 16:41:08,763 [INFO] IPUIPlugin:80 - create IPUIPlugin
2025-05-29 16:41:08,763 [INFO] PluginManager:220 - loadIPPluginJar : add sai
2025-05-29 16:41:08,766 [INFO] IPUIPlugin:80 - create IPUIPlugin
2025-05-29 16:41:08,766 [INFO] PluginManager:220 - loadIPPluginJar : add spi
2025-05-29 16:41:08,775 [INFO] IPUIPlugin:80 - create IPUIPlugin
2025-05-29 16:41:08,775 [INFO] PluginManager:220 - loadIPPluginJar : add stm32_wpan
2025-05-29 16:41:08,777 [INFO] IPUIPlugin:80 - create IPUIPlugin
2025-05-29 16:41:08,777 [INFO] PluginManager:220 - loadIPPluginJar : add tim
2025-05-29 16:41:08,781 [INFO] IPUIPlugin:80 - create IPUIPlugin
2025-05-29 16:41:08,781 [INFO] PluginManager:220 - loadIPPluginJar : add touchsensing
2025-05-29 16:41:08,783 [INFO] IPUIPlugin:80 - create IPUIPlugin
2025-05-29 16:41:08,783 [INFO] PluginManager:220 - loadIPPluginJar : add tracer_emb
2025-05-29 16:41:08,785 [INFO] IPUIPlugin:80 - create IPUIPlugin
2025-05-29 16:41:08,785 [INFO] PluginManager:220 - loadIPPluginJar : add ts
2025-05-29 16:41:08,787 [INFO] IPUIPlugin:80 - create IPUIPlugin
2025-05-29 16:41:08,787 [INFO] PluginManager:220 - loadIPPluginJar : add tsc
2025-05-29 16:41:08,793 [INFO] IPUIPlugin:80 - create IPUIPlugin
2025-05-29 16:41:08,793 [INFO] PluginManager:220 - loadIPPluginJar : add ucpd
2025-05-29 16:41:08,798 [INFO] IPUIPlugin:80 - create IPUIPlugin
2025-05-29 16:41:08,798 [INFO] PluginManager:220 - loadIPPluginJar : add usart
2025-05-29 16:41:08,802 [INFO] IPUIPlugin:80 - create IPUIPlugin
2025-05-29 16:41:08,802 [INFO] PluginManager:220 - loadIPPluginJar : add usbx
2025-05-29 16:41:08,951 [INFO] CADModel:165 - CPN selected for project level
2025-05-29 16:41:08,951 [INFO] CADModel:114 - Register for checkConnection events
2025-05-29 16:41:08,951 [FATAL] Updater:308 - Updater called before beeing initialized
2025-05-29 16:41:08,951 [ERROR] CADModel:125 - Updater not yet initialized, retry later 
2025-05-29 16:41:09,087 [INFO] CADModel:165 - CPN selected for project level
2025-05-29 16:41:09,087 [INFO] CADModel:114 - Register for checkConnection events
2025-05-29 16:41:09,088 [FATAL] Updater:308 - Updater called before beeing initialized
2025-05-29 16:41:09,088 [ERROR] CADModel:125 - Updater not yet initialized, retry later 
2025-05-29 16:41:09,092 [FATAL] Updater:308 - Updater called before beeing initialized
2025-05-29 16:41:09,249 [FATAL] Updater:308 - Updater called before beeing initialized
2025-05-29 16:41:09,253 [INFO] DbMcusAds:53 - JSON generation date=Wed May 07 04:07:55 CDT 2025 (1746608875484)
2025-05-29 16:41:09,253 [FATAL] Updater:308 - Updater called before beeing initialized
2025-05-29 16:41:09,291 [WARN] DetailPanel:346 - Failed to get advertising image, set to default
2025-05-29 16:41:09,398 [FATAL] Updater:308 - Updater called before beeing initialized
2025-05-29 16:41:09,400 [FATAL] Updater:308 - Updater called before beeing initialized
2025-05-29 16:41:09,400 [FATAL] Updater:308 - Updater called before beeing initialized
2025-05-29 16:41:09,400 [WARN] DetailPanel:346 - Failed to get advertising image, set to default
2025-05-29 16:41:09,401 [FATAL] Updater:308 - Updater called before beeing initialized
2025-05-29 16:41:09,478 [ERROR] Updater:1120 - MainUpdater not yet initialized. External WinMGr cannot be set.
2025-05-29 16:41:09,480 [INFO] Updater:1056 - Updater Version found : 6.11.1
2025-05-29 16:41:09,502 [INFO] ApplicationProperties:184 - Using Application install path: D:\ST\STM32CubeIDE_1.6.1\STM32CubeIDE\plugins\com.st.stm32cube.common.mx_6.11.1.202404110753
2025-05-29 16:41:10,630 [INFO] ThirdPartyUpdaterWithRetryManager:70 - Updater plugin not ready yet. [2/15]
2025-05-29 16:41:11,087 [ERROR] LogOutputStream:75 - [STDERR_REDIRECT] May 29, 2025 4:41:11 PM java.util.prefs.WindowsPreferences <init>
2025-05-29 16:41:11,092 [ERROR] LogOutputStream:75 - [STDERR_REDIRECT] WARNING: Could not open/create prefs root node Software\JavaSoft\Prefs at root 0xffffffff80000002. Windows RegCreateKeyEx(...) returned error code 5.
2025-05-29 16:41:11,093 [ERROR] LogOutputStream:75 - [STDERR_REDIRECT] 
2025-05-29 16:41:11,559 [INFO] MainUpdater:2873 - connection check result : 10
2025-05-29 16:41:11,560 [INFO] MainUpdater:290 - Updater Check For Update Now.
2025-05-29 16:41:11,561 [INFO] MicroXplorer:498 - Change Database Version : DB.6.0.111
2025-05-29 16:41:11,574 [INFO] McuFinderGlobals:63 - Set McuFinder mode to 2 (CubeIDE integrated)
2025-05-29 16:41:11,582 [INFO] UserAuth:415 - Internet connection configuration mode: 1
2025-05-29 16:41:11,609 [INFO] JxBrowserEngine:152 - Initiate JxBrowser Engine with user profile folder
2025-05-29 16:41:11,806 [INFO] CheckServerUpdateThread:120 - End of CheckServer Thread
2025-05-29 16:41:12,412 [INFO] WebApp:161 - Instantiating new browser for Auth
2025-05-29 16:41:13,102 [INFO] WebApp:779 - Register for checkConnection events
2025-05-29 16:41:13,102 [INFO] WebApp:414 - Apply proxy settings
2025-05-29 16:41:13,103 [INFO] WebApp:499 - Chromium requires no authentication
2025-05-29 16:41:13,117 [INFO] WebApp:442 - Direct internet connection detected
2025-05-29 16:41:13,361 [INFO] WebApp:192 - Starting web application
2025-05-29 16:41:13,362 [INFO] WebApp:544 - Web application path used D:\ST\STM32CubeIDE_1.6.1\STM32CubeIDE\plugins\com.st.stm32cube.common.mx_6.11.1.202404110753\db\plugins\mcufinder\reactClient1\index.html
2025-05-29 16:41:14,354 [WARN] PackLoader:240 - Cannot read IP mode file for STMicroelectronics.FP-SNS-MOTENVWB1.1.4.0
2025-05-29 16:41:14,368 [WARN] PackLoader:240 - Cannot read IP mode file for STMicroelectronics.FP-ATR-ASTRA1.2.0.2
2025-05-29 16:41:14,384 [WARN] PackLoader:240 - Cannot read IP mode file for STMicroelectronics.X-CUBE-SMBUS.2.1.0
2025-05-29 16:41:14,391 [ERROR] Engine:466 - C:\Users\Acer\.stm32cubemx\thirdparties\pdsc\STMicroelectronics.X-CUBE-ST60.1.0.0.pdsc: PDSC version is not supported
2025-05-29 16:41:14,434 [WARN] PackLoader:240 - Cannot read IP mode file for STMicroelectronics.X-CUBE-SUBG2.4.1.0
2025-05-29 16:41:14,464 [WARN] PackLoader:240 - Cannot read IP mode file for STMicroelectronics.X-CUBE-TOUCHGFX.4.23.2
2025-05-29 16:41:14,527 [WARN] PackLoader:240 - Cannot read IP mode file for STMicroelectronics.X-CUBE-AZRTOS-F7.1.1.0
2025-05-29 16:41:14,563 [WARN] PackLoader:240 - Cannot read IP mode file for STMicroelectronics.X-CUBE-EEPRMA1.3.0.0
2025-05-29 16:41:14,578 [WARN] PackLoader:240 - Cannot read IP mode file for STMicroelectronics.X-CUBE-BLE1.6.2.0
2025-05-29 16:41:14,585 [WARN] PackLoader:240 - Cannot read IP mode file for STMicroelectronics.FP-SNS-FLIGHT1.5.0.2
2025-05-29 16:41:14,598 [WARN] PackLoader:240 - Cannot read IP mode file for STMicroelectronics.X-CUBE-BLE2.3.2.0
2025-05-29 16:41:14,616 [WARN] PackLoader:240 - Cannot read IP mode file for STMicroelectronics.X-CUBE-DISPLAY.3.0.0
2025-05-29 16:41:14,636 [WARN] PackLoader:240 - Cannot read IP mode file for STMicroelectronics.X-CUBE-BLE1.7.0.0
2025-05-29 16:41:14,652 [WARN] PackLoader:240 - Cannot read IP mode file for STMicroelectronics.X-CUBE-NFC10.1.0.0
2025-05-29 16:41:14,683 [WARN] PackLoader:240 - Cannot read IP mode file for STMicroelectronics.X-CUBE-BLEMGR.4.0.0
2025-05-29 16:41:14,713 [WARN] PackLoader:240 - Cannot read IP mode file for emotas.I-CUBE-CANOPEN.1.3.0
2025-05-29 16:41:14,766 [WARN] PackLoader:240 - Cannot read IP mode file for STMicroelectronics.X-CUBE-AZRTOS-H7.1.0.0
2025-05-29 16:41:14,783 [WARN] ConditionMgr:438 - getConditionDescription Invalid condition id : Cortex-A Device cause : null
2025-05-29 16:41:14,810 [WARN] ConditionMgr:1039 - genDependencies : Invalid condition id : Cortex-A Device cause : null
2025-05-29 16:41:14,810 [WARN] ConditionMgr:1039 - genDependencies : Invalid condition id : Cortex-A Device cause : null
2025-05-29 16:41:14,810 [WARN] ConditionMgr:1039 - genDependencies : Invalid condition id : Cortex-A Device cause : null
2025-05-29 16:41:14,826 [WARN] PackLoader:240 - Cannot read IP mode file for STMicroelectronics.X-CUBE-BLEMGR.3.1.0
2025-05-29 16:41:14,835 [WARN] PackLoader:240 - Cannot read IP mode file for STMicroelectronics.X-CUBE-AI.10.0.0
2025-05-29 16:41:14,846 [WARN] PackLoader:240 - Cannot read IP mode file for STMicroelectronics.FP-SNS-SMARTAG2.1.2.0
2025-05-29 16:41:14,849 [ERROR] Engine:466 - C:\Users\Acer\.stm32cubemx\thirdparties\pdsc\STMicroelectronics.FP-SNS-FLIGHT1.5.1.0.pdsc: PDSC version is not supported
2025-05-29 16:41:14,864 [INFO] LogOutputStream:77 - [STDOUT_REDIRECT] 1 : Invalid condition id : UX_CORESTACK_Condition cause : null
2025-05-29 16:41:14,865 [INFO] LogOutputStream:77 - [STDOUT_REDIRECT] 1 : Invalid condition id : UX_CORESTACK_Condition cause : null
2025-05-29 16:41:14,867 [INFO] LogOutputStream:77 - [STDOUT_REDIRECT] 1 : Invalid condition id : UX_CORESTACK_Condition cause : null
2025-05-29 16:41:14,869 [INFO] LogOutputStream:77 - [STDOUT_REDIRECT] 1 : Invalid condition id : UX_CORESTACK_Condition cause : null
2025-05-29 16:41:14,873 [INFO] LogOutputStream:77 - [STDOUT_REDIRECT] 1 : Invalid condition id : UX_CORESTACK_Condition cause : null
2025-05-29 16:41:14,879 [WARN] PackLoader:240 - Cannot read IP mode file for STMicroelectronics.X-CUBE-AZRTOS-WL.2.0.0
2025-05-29 16:41:14,887 [WARN] PackLoader:240 - Cannot read IP mode file for STMicroelectronics.FP-SNS-MOTENV1.5.0.0
2025-05-29 16:41:14,913 [WARN] PackLoader:240 - Cannot read IP mode file for STMicroelectronics.X-CUBE-ALGOBUILD.1.2.0
2025-05-29 16:41:14,926 [WARN] PackLoader:240 - Cannot read IP mode file for WES.I-CUBE-Cesium.1.3.0
2025-05-29 16:41:14,932 [WARN] PackLoader:240 - Cannot read IP mode file for STMicroelectronics.X-CUBE-BLE1.6.1.0
2025-05-29 16:41:14,940 [WARN] PackLoader:240 - Cannot read IP mode file for STMicroelectronics.X-CUBE-BLE2.3.3.0
2025-05-29 16:41:14,951 [WARN] PackLoader:240 - Cannot read IP mode file for STMicroelectronics.X-CUBE-NFC9.1.0.0
2025-05-29 16:41:14,961 [WARN] PackLoader:240 - Cannot read IP mode file for STMicroelectronics.X-CUBE-BLE1.7.1.0
2025-05-29 16:41:14,970 [WARN] PackLoader:240 - Cannot read IP mode file for wolfSSL.I-CUBE-wolfMQTT.1.19.2
2025-05-29 16:41:14,994 [WARN] PackLoader:240 - Cannot read IP mode file for STMicroelectronics.X-CUBE-TCPP.4.1.0
2025-05-29 16:41:15,097 [WARN] PackLoader:240 - Cannot read IP mode file for STMicroelectronics.X-CUBE-MEMS1.11.2.0
2025-05-29 16:41:15,401 [WARN] PackLoader:240 - Cannot read IP mode file for STMicroelectronics.X-CUBE-AZRTOS-G0.1.1.0
2025-05-29 16:41:15,416 [WARN] PackLoader:240 - Cannot read IP mode file for STMicroelectronics.X-CUBE-SAFEA1.1.2.2
2025-05-29 16:41:15,428 [WARN] PackLoader:240 - Cannot read IP mode file for STMicroelectronics.X-CUBE-NFC4.3.0.0
2025-05-29 16:41:15,493 [WARN] PackLoader:240 - Cannot read IP mode file for SEGGER.I-CUBE-embOS.1.2.0
2025-05-29 16:41:15,567 [WARN] PackLoader:240 - Cannot read IP mode file for wolfSSL.I-CUBE-wolfMQTT.1.18.0
2025-05-29 16:41:15,589 [WARN] PackLoader:240 - Cannot read IP mode file for EmbeddedOffice.I-CUBE-FS-RTOS.1.0.1
2025-05-29 16:41:15,590 [ERROR] ConditionMgr:805 - Attr not supported : Dmpu
2025-05-29 16:41:15,590 [ERROR] ConditionMgr:805 - Attr not supported : Dmpu
2025-05-29 16:41:15,591 [ERROR] ConditionMgr:805 - Attr not supported : Dmpu
2025-05-29 16:41:15,591 [ERROR] ConditionMgr:805 - Attr not supported : Dmpu
2025-05-29 16:41:15,591 [ERROR] ConditionMgr:805 - Attr not supported : Dmpu
2025-05-29 16:41:15,591 [ERROR] ConditionMgr:805 - Attr not supported : Dmpu
2025-05-29 16:41:15,591 [ERROR] ConditionMgr:805 - Attr not supported : Dmpu
2025-05-29 16:41:15,592 [ERROR] ConditionMgr:805 - Attr not supported : Dmpu
2025-05-29 16:41:15,592 [ERROR] ConditionMgr:805 - Attr not supported : Dmpu
2025-05-29 16:41:15,592 [ERROR] ConditionMgr:805 - Attr not supported : Dmpu
2025-05-29 16:41:15,593 [ERROR] ConditionMgr:805 - Attr not supported : Dmpu
2025-05-29 16:41:15,593 [ERROR] ConditionMgr:805 - Attr not supported : Dmpu
2025-05-29 16:41:15,593 [ERROR] ConditionMgr:805 - Attr not supported : Dmpu
2025-05-29 16:41:15,593 [ERROR] ConditionMgr:805 - Attr not supported : Dmpu
2025-05-29 16:41:15,593 [ERROR] ConditionMgr:805 - Attr not supported : Dmpu
2025-05-29 16:41:15,593 [ERROR] ConditionMgr:805 - Attr not supported : Dmpu
2025-05-29 16:41:15,594 [ERROR] ConditionMgr:805 - Attr not supported : Dmpu
2025-05-29 16:41:15,594 [ERROR] ConditionMgr:805 - Attr not supported : Dmpu
2025-05-29 16:41:15,594 [ERROR] ConditionMgr:805 - Attr not supported : Dmpu
2025-05-29 16:41:15,594 [ERROR] ConditionMgr:805 - Attr not supported : Dmpu
2025-05-29 16:41:15,594 [ERROR] ConditionMgr:805 - Attr not supported : Dmpu
2025-05-29 16:41:15,594 [ERROR] ConditionMgr:805 - Attr not supported : Dmpu
2025-05-29 16:41:15,594 [ERROR] ConditionMgr:805 - Attr not supported : Dmpu
2025-05-29 16:41:15,595 [ERROR] ConditionMgr:805 - Attr not supported : Dmpu
2025-05-29 16:41:15,595 [ERROR] ConditionMgr:805 - Attr not supported : Dmpu
2025-05-29 16:41:15,595 [ERROR] ConditionMgr:805 - Attr not supported : Dmpu
2025-05-29 16:41:15,595 [ERROR] ConditionMgr:805 - Attr not supported : Dmpu
2025-05-29 16:41:15,595 [ERROR] ConditionMgr:805 - Attr not supported : Dmpu
2025-05-29 16:41:15,595 [ERROR] ConditionMgr:805 - Attr not supported : Dmpu
2025-05-29 16:41:15,595 [ERROR] ConditionMgr:805 - Attr not supported : Dmpu
2025-05-29 16:41:15,595 [ERROR] ConditionMgr:805 - Attr not supported : Dmpu
2025-05-29 16:41:15,596 [ERROR] ConditionMgr:805 - Attr not supported : Dmpu
2025-05-29 16:41:15,596 [ERROR] ConditionMgr:805 - Attr not supported : Dmpu
2025-05-29 16:41:15,596 [ERROR] ConditionMgr:805 - Attr not supported : Dmpu
2025-05-29 16:41:15,596 [ERROR] ConditionMgr:805 - Attr not supported : Dmpu
2025-05-29 16:41:15,596 [ERROR] ConditionMgr:805 - Attr not supported : Dmpu
2025-05-29 16:41:15,596 [ERROR] ConditionMgr:805 - Attr not supported : Dmpu
2025-05-29 16:41:15,596 [ERROR] ConditionMgr:805 - Attr not supported : Dmpu
2025-05-29 16:41:15,596 [ERROR] ConditionMgr:805 - Attr not supported : Dmpu
2025-05-29 16:41:15,596 [ERROR] ConditionMgr:805 - Attr not supported : Dmpu
2025-05-29 16:41:15,597 [ERROR] ConditionMgr:805 - Attr not supported : Dmpu
2025-05-29 16:41:15,597 [ERROR] ConditionMgr:805 - Attr not supported : Dmpu
2025-05-29 16:41:15,597 [ERROR] ConditionMgr:805 - Attr not supported : Dmpu
2025-05-29 16:41:15,597 [ERROR] ConditionMgr:805 - Attr not supported : Dmpu
2025-05-29 16:41:15,597 [ERROR] ConditionMgr:805 - Attr not supported : Dmpu
2025-05-29 16:41:15,597 [ERROR] ConditionMgr:805 - Attr not supported : Dmpu
2025-05-29 16:41:15,597 [ERROR] ConditionMgr:805 - Attr not supported : Dmpu
2025-05-29 16:41:15,597 [ERROR] ConditionMgr:805 - Attr not supported : Dmpu
2025-05-29 16:41:15,597 [ERROR] ConditionMgr:805 - Attr not supported : Dmpu
2025-05-29 16:41:15,598 [ERROR] ConditionMgr:805 - Attr not supported : Dmpu
2025-05-29 16:41:15,598 [ERROR] ConditionMgr:805 - Attr not supported : Dmpu
2025-05-29 16:41:15,598 [ERROR] ConditionMgr:805 - Attr not supported : Dmpu
2025-05-29 16:41:15,598 [ERROR] ConditionMgr:805 - Attr not supported : Dmpu
2025-05-29 16:41:15,598 [ERROR] ConditionMgr:805 - Attr not supported : Dmpu
2025-05-29 16:41:15,598 [ERROR] ConditionMgr:805 - Attr not supported : Dmpu
2025-05-29 16:41:15,598 [ERROR] ConditionMgr:805 - Attr not supported : Dmpu
2025-05-29 16:41:15,598 [ERROR] ConditionMgr:805 - Attr not supported : Dmpu
2025-05-29 16:41:15,598 [ERROR] ConditionMgr:805 - Attr not supported : Dmpu
2025-05-29 16:41:15,598 [ERROR] ConditionMgr:805 - Attr not supported : Dmpu
2025-05-29 16:41:15,599 [ERROR] ConditionMgr:805 - Attr not supported : Dmpu
2025-05-29 16:41:15,599 [ERROR] ConditionMgr:805 - Attr not supported : Dmpu
2025-05-29 16:41:15,599 [ERROR] ConditionMgr:805 - Attr not supported : Dmpu
2025-05-29 16:41:15,599 [ERROR] ConditionMgr:805 - Attr not supported : Dmpu
2025-05-29 16:41:15,599 [ERROR] ConditionMgr:805 - Attr not supported : Dmpu
2025-05-29 16:41:15,609 [WARN] PackLoader:240 - Cannot read IP mode file for STMicroelectronics.X-CUBE-WB05N.2.0.0
2025-05-29 16:41:15,616 [WARN] PackLoader:240 - Cannot read IP mode file for wolfSSL.I-CUBE-wolfTPM.3.8.0
2025-05-29 16:41:15,619 [ERROR] Engine:466 - C:\Users\Acer\.stm32cubemx\thirdparties\pdsc\STMicroelectronics.X-CUBE-TCPP.4.2.0.pdsc: PDSC version is not supported
2025-05-29 16:41:15,629 [WARN] PackLoader:240 - Cannot read IP mode file for RealThread.X-CUBE-RT-Thread_Nano.4.1.1
2025-05-29 16:41:15,635 [WARN] PackLoader:240 - Cannot read IP mode file for STMicroelectronics.FP-ATR-SIGFOX1.3.2.0
2025-05-29 16:41:15,647 [WARN] PackLoader:240 - Cannot read IP mode file for STMicroelectronics.X-CUBE-EEPRMA1.5.1.0
2025-05-29 16:41:15,660 [WARN] PackLoader:240 - Cannot read IP mode file for ITTIA_DB.I-CUBE-ITTIADB.8.9.0
2025-05-29 16:41:15,709 [WARN] PackLoader:240 - Cannot read IP mode file for SEGGER.I-CUBE-embOS.1.3.1
2025-05-29 16:41:15,795 [WARN] PackLoader:240 - Cannot read IP mode file for STMicroelectronics.X-CUBE-ALGOBUILD.1.4.0
2025-05-29 16:41:15,799 [WARN] PackLoader:240 - Cannot read IP mode file for STMicroelectronics.X-CUBE-TOUCHGFX.4.16.1
2025-05-29 16:41:15,812 [WARN] PackLoader:240 - Cannot read IP mode file for STMicroelectronics.X-CUBE-GNSS1.6.0.0
2025-05-29 16:41:15,838 [WARN] PackLoader:240 - Cannot read IP mode file for STMicroelectronics.X-CUBE-AZRTOS-F4.1.1.0
2025-05-29 16:41:15,848 [ERROR] Engine:466 - C:\Users\Acer\.stm32cubemx\thirdparties\pdsc\Avnet-IotConnect.X-CUBE-IoTC-DA16k-PMOD.1.0.0.pdsc: PDSC version is not supported
2025-05-29 16:41:15,853 [WARN] PackLoader:240 - Cannot read IP mode file for STMicroelectronics.X-CUBE-ISPU.2.1.0
2025-05-29 16:41:15,862 [WARN] PackLoader:240 - Cannot read IP mode file for STMicroelectronics.X-CUBE-FREERTOS.1.2.0
2025-05-29 16:41:15,885 [WARN] PackLoader:240 - Cannot read IP mode file for STMicroelectronics.X-CUBE-AZRTOS-L5.2.0.0
2025-05-29 16:41:15,902 [WARN] PackLoader:240 - Cannot read IP mode file for STMicroelectronics.X-CUBE-NFC6.3.1.0
2025-05-29 16:41:15,915 [WARN] PackLoader:240 - Cannot read IP mode file for STMicroelectronics.X-CUBE-NFC4.2.0.2
2025-05-29 16:41:15,922 [WARN] PackLoader:240 - Cannot read IP mode file for STMicroelectronics.X-CUBE-AI.9.0.0
2025-05-29 16:41:15,929 [WARN] PackLoader:240 - Cannot read IP mode file for STMicroelectronics.X-CUBE-FREERTOS.1.3.1
2025-05-29 16:41:15,935 [WARN] PackLoader:240 - Cannot read IP mode file for STMicroelectronics.X-CUBE-NFC7.1.0.1
2025-05-29 16:41:15,948 [WARN] PackLoader:240 - Cannot read IP mode file for STMicroelectronics.X-CUBE-DPower.1.3.0
2025-05-29 16:41:15,960 [WARN] PackLoader:240 - Cannot read IP mode file for STMicroelectronics.X-CUBE-DISPLAY.1.0.0
2025-05-29 16:41:15,964 [WARN] PackLoader:240 - Cannot read IP mode file for STMicroelectronics.X-CUBE-AI.6.0.0
2025-05-29 16:41:15,999 [WARN] ConditionMgr:438 - getConditionDescription Invalid condition id : LAN8742 Phy interface Condition cause : null
2025-05-29 16:41:16,000 [WARN] PackLoader:240 - Cannot read IP mode file for STMicroelectronics.X-CUBE-AZRTOS-L4.2.0.0
2025-05-29 16:41:16,002 [WARN] ConditionMgr:1039 - genDependencies : Invalid condition id : LAN8742 Phy interface Condition cause : null
2025-05-29 16:41:16,003 [WARN] ConditionMgr:1039 - genDependencies : Invalid condition id : LAN8742 Phy interface Condition cause : null
2025-05-29 16:41:16,009 [WARN] ConditionMgr:1039 - genDependencies : Invalid condition id : LAN8742 Phy interface Condition cause : null
2025-05-29 16:41:16,022 [WARN] PackLoader:240 - Cannot read IP mode file for STMicroelectronics.X-CUBE-SFXS2LP1.4.0.0
2025-05-29 16:41:16,031 [WARN] PackLoader:240 - Cannot read IP mode file for wolfSSL.I-CUBE-wolfSSL.4.7.0
2025-05-29 16:41:16,072 [WARN] PackLoader:240 - Cannot read IP mode file for STMicroelectronics.X-CUBE-AZRTOS-H7.3.3.0
2025-05-29 16:41:16,091 [WARN] PackLoader:240 - Cannot read IP mode file for RoweBots.I-CUBE-UNISONRTOS.5.5.0-4
2025-05-29 16:41:16,100 [WARN] PackLoader:240 - Cannot read IP mode file for STMicroelectronics.X-CUBE-SFXS2LP1.3.0.0
2025-05-29 16:41:16,126 [WARN] ConditionMgr:438 - getConditionDescription Invalid condition id : UX DEVICE CLASS RTOS Condition cause : null
2025-05-29 16:41:16,126 [WARN] ConditionMgr:438 - getConditionDescription Invalid condition id : UX DEVICE CLASS RTOS Condition cause : null
2025-05-29 16:41:16,131 [WARN] PackLoader:240 - Cannot read IP mode file for STMicroelectronics.X-CUBE-AZRTOS-WB.2.0.0
2025-05-29 16:41:16,132 [WARN] ConditionMgr:1039 - genDependencies : Invalid condition id : UX DEVICE CLASS RTOS Condition cause : null
2025-05-29 16:41:16,132 [WARN] ConditionMgr:1039 - genDependencies : Invalid condition id : UX DEVICE CLASS RTOS Condition cause : null
2025-05-29 16:41:16,133 [WARN] ConditionMgr:1039 - genDependencies : Invalid condition id : UX DEVICE CLASS RTOS Condition cause : null
2025-05-29 16:41:16,134 [WARN] ConditionMgr:1039 - genDependencies : Invalid condition id : UX DEVICE CLASS RTOS Condition cause : null
2025-05-29 16:41:16,134 [WARN] ConditionMgr:1039 - genDependencies : Invalid condition id : UX DEVICE CLASS RTOS Condition cause : null
2025-05-29 16:41:16,144 [WARN] PackLoader:240 - Cannot read IP mode file for STMicroelectronics.X-CUBE-GNSS1.7.0.1
2025-05-29 16:41:16,150 [WARN] PackLoader:240 - Cannot read IP mode file for STMicroelectronics.X-CUBE-TOUCHGFX.4.25.0
2025-05-29 16:41:16,158 [WARN] PackLoader:240 - Cannot read IP mode file for STMicroelectronics.FP-SNS-STBOX1.2.0.0
2025-05-29 16:41:16,173 [WARN] PackLoader:240 - Cannot read IP mode file for STMicroelectronics.X-CUBE-SUBG2.5.0.0
2025-05-29 16:41:16,212 [WARN] PackLoader:240 - Cannot read IP mode file for STMicroelectronics.X-CUBE-AZRTOS-H7RS.1.1.0
2025-05-29 16:41:16,223 [WARN] PackLoader:240 - Cannot read IP mode file for Cesanta.I-CUBE-Mongoose.7.13.0
2025-05-29 16:41:16,246 [WARN] PackLoader:240 - Cannot read IP mode file for STMicroelectronics.X-CUBE-AZRTOS-G4.2.0.0
2025-05-29 16:41:16,257 [WARN] PackLoader:240 - Cannot read IP mode file for wolfSSL.I-CUBE-wolfSSH.1.4.20
2025-05-29 16:41:16,260 [WARN] PackLoader:240 - Cannot read IP mode file for STMicroelectronics.X-CUBE-NFC7.2.0.0
2025-05-29 16:41:16,266 [WARN] PackLoader:240 - Cannot read IP mode file for STMicroelectronics.X-CUBE-ISPU.2.0.0
2025-05-29 16:41:16,282 [ERROR] Engine:466 - C:\Users\Acer\.stm32cubemx\thirdparties\pdsc\STMicroelectronics.X-CUBE-IPS.3.1.0.pdsc: PDSC version is not supported
2025-05-29 16:41:16,292 [WARN] PackLoader:240 - Cannot read IP mode file for STMicroelectronics.X-CUBE-ALS.1.0.2
2025-05-29 16:41:16,362 [WARN] PackLoader:240 - Cannot read IP mode file for STMicroelectronics.X-CUBE-MEMS1.10.0.0
2025-05-29 16:41:16,602 [WARN] PackLoader:240 - Cannot read IP mode file for STMicroelectronics.X-CUBE-SUBG2.4.0.0
2025-05-29 16:41:16,623 [WARN] PackLoader:240 - Cannot read IP mode file for STMicroelectronics.X-CUBE-TOF1.1.0.0
2025-05-29 16:41:16,640 [WARN] PackLoader:240 - Cannot read IP mode file for portGmbH.I-Cube-SoM-uGOAL.1.1.0
2025-05-29 16:41:16,646 [WARN] PackLoader:240 - Cannot read IP mode file for STMicroelectronics.X-CUBE-ALS.1.0.1
2025-05-29 16:41:16,692 [WARN] PackLoader:240 - Cannot read IP mode file for STMicroelectronics.X-CUBE-MEMS1.8.3.0
2025-05-29 16:41:16,816 [WARN] PackLoader:240 - Cannot read IP mode file for STMicroelectronics.X-CUBE-AZRTOS-H7RS.1.0.0
2025-05-29 16:41:16,826 [WARN] PackLoader:240 - Cannot read IP mode file for STMicroelectronics.X-CUBE-GNSS1.5.2.0
2025-05-29 16:41:16,831 [WARN] PackLoader:240 - Cannot read IP mode file for STMicroelectronics.FP-ATR-ASTRA1.2.0.0
2025-05-29 16:41:16,839 [ERROR] Engine:466 - C:\Users\Acer\.stm32cubemx\thirdparties\pdsc\STMicroelectronics.X-CUBE-TOF1.3.4.3.pdsc: PDSC version is not supported
2025-05-29 16:41:16,852 [WARN] PackLoader:240 - Cannot read IP mode file for STMicroelectronics.X-CUBE-TOF1.3.4.1
2025-05-29 16:41:16,898 [WARN] PackLoader:240 - Cannot read IP mode file for STMicroelectronics.X-CUBE-AZRTOS-H7.3.2.0
2025-05-29 16:41:16,923 [WARN] PackLoader:240 - Cannot read IP mode file for Infineon.AIROC-Wi-Fi-Bluetooth-STM32.1.6.0
2025-05-29 16:41:16,928 [INFO] ThirdParty:978 - Integrity check success = true
2025-05-29 16:41:16,928 [INFO] IntegrityCheckThread:100 - exiting critical section [integrity check]
2025-05-29 16:41:16,928 [INFO] IntegrityCheckThread:103 - End integrity checks thread
2025-05-29 16:45:43,594 [ERROR] LogOutputStream:75 - [STDERR_REDIRECT] 
